<?xml version="1.0" encoding="UTF-8"?>
<testsuite xmlns:xsi="http://www.w3.org/2001/XMLSchema-instance" xsi:noNamespaceSchemaLocation="https://maven.apache.org/surefire/maven-surefire-plugin/xsd/surefire-test-report.xsd" name="TestSuite" time="3.815" tests="3" errors="0" skipped="2" failures="1">
  <properties>
    <property name="sun.desktop" value="windows"/>
    <property name="awt.toolkit" value="sun.awt.windows.WToolkit"/>
    <property name="file.encoding.pkg" value="sun.io"/>
    <property name="java.specification.version" value="1.8"/>
    <property name="sun.cpu.isalist" value="amd64"/>
    <property name="sun.jnu.encoding" value="Cp1252"/>
    <property name="java.class.path" value="C:\Users\BaskaranVivek\Documents\Rest API and GRaph QL\codes\Makaia-master\Makaia-master\target\test-classes;C:\Users\BaskaranVivek\Documents\Rest API and GRaph QL\codes\Makaia-master\Makaia-master\target\classes;C:\Users\BaskaranVivek\.m2\repository\org\seleniumhq\selenium\selenium-java\4.0.0-alpha-4\selenium-java-4.0.0-alpha-4.jar;C:\Users\BaskaranVivek\.m2\repository\org\seleniumhq\selenium\selenium-api\4.0.0-alpha-4\selenium-api-4.0.0-alpha-4.jar;C:\Users\BaskaranVivek\.m2\repository\org\seleniumhq\selenium\selenium-chrome-driver\4.0.0-alpha-4\selenium-chrome-driver-4.0.0-alpha-4.jar;C:\Users\BaskaranVivek\.m2\repository\com\google\auto\service\auto-service-annotations\1.0-rc6\auto-service-annotations-1.0-rc6.jar;C:\Users\BaskaranVivek\.m2\repository\com\google\auto\service\auto-service\1.0-rc6\auto-service-1.0-rc6.jar;C:\Users\BaskaranVivek\.m2\repository\com\google\auto\auto-common\0.10\auto-common-0.10.jar;C:\Users\BaskaranVivek\.m2\repository\com\google\guava\guava\28.2-jre\guava-28.2-jre.jar;C:\Users\BaskaranVivek\.m2\repository\com\google\guava\failureaccess\1.0.1\failureaccess-1.0.1.jar;C:\Users\BaskaranVivek\.m2\repository\com\google\guava\listenablefuture\9999.0-empty-to-avoid-conflict-with-guava\listenablefuture-9999.0-empty-to-avoid-conflict-with-guava.jar;C:\Users\BaskaranVivek\.m2\repository\com\google\code\findbugs\jsr305\3.0.2\jsr305-3.0.2.jar;C:\Users\BaskaranVivek\.m2\repository\org\checkerframework\checker-qual\2.10.0\checker-qual-2.10.0.jar;C:\Users\BaskaranVivek\.m2\repository\com\google\errorprone\error_prone_annotations\2.3.4\error_prone_annotations-2.3.4.jar;C:\Users\BaskaranVivek\.m2\repository\com\google\j2objc\j2objc-annotations\1.3\j2objc-annotations-1.3.jar;C:\Users\BaskaranVivek\.m2\repository\org\seleniumhq\selenium\selenium-chromium-driver\4.0.0-alpha-4\selenium-chromium-driver-4.0.0-alpha-4.jar;C:\Users\BaskaranVivek\.m2\repository\org\seleniumhq\selenium\selenium-devtools\4.0.0-alpha-4\selenium-devtools-4.0.0-alpha-4.jar;C:\Users\BaskaranVivek\.m2\repository\org\seleniumhq\selenium\selenium-http\4.0.0-alpha-4\selenium-http-4.0.0-alpha-4.jar;C:\Users\BaskaranVivek\.m2\repository\org\seleniumhq\selenium\selenium-json\4.0.0-alpha-4\selenium-json-4.0.0-alpha-4.jar;C:\Users\BaskaranVivek\.m2\repository\org\seleniumhq\selenium\selenium-edge-driver\4.0.0-alpha-4\selenium-edge-driver-4.0.0-alpha-4.jar;C:\Users\BaskaranVivek\.m2\repository\org\seleniumhq\selenium\selenium-edgehtml-driver\4.0.0-alpha-4\selenium-edgehtml-driver-4.0.0-alpha-4.jar;C:\Users\BaskaranVivek\.m2\repository\org\seleniumhq\selenium\selenium-firefox-driver\4.0.0-alpha-4\selenium-firefox-driver-4.0.0-alpha-4.jar;C:\Users\BaskaranVivek\.m2\repository\org\seleniumhq\selenium\selenium-firefox-xpi-driver\4.0.0-alpha-4\selenium-firefox-xpi-driver-4.0.0-alpha-4.jar;C:\Users\BaskaranVivek\.m2\repository\org\seleniumhq\selenium\selenium-ie-driver\4.0.0-alpha-4\selenium-ie-driver-4.0.0-alpha-4.jar;C:\Users\BaskaranVivek\.m2\repository\org\seleniumhq\selenium\selenium-opera-driver\4.0.0-alpha-4\selenium-opera-driver-4.0.0-alpha-4.jar;C:\Users\BaskaranVivek\.m2\repository\org\seleniumhq\selenium\selenium-remote-driver\4.0.0-alpha-4\selenium-remote-driver-4.0.0-alpha-4.jar;C:\Users\BaskaranVivek\.m2\repository\com\squareup\okhttp3\okhttp\4.3.0\okhttp-4.3.0.jar;C:\Users\BaskaranVivek\.m2\repository\com\squareup\okio\okio\2.4.1\okio-2.4.1.jar;C:\Users\BaskaranVivek\.m2\repository\org\jetbrains\kotlin\kotlin-stdlib-common\1.3.50\kotlin-stdlib-common-1.3.50.jar;C:\Users\BaskaranVivek\.m2\repository\org\jetbrains\kotlin\kotlin-stdlib\1.3.61\kotlin-stdlib-1.3.61.jar;C:\Users\BaskaranVivek\.m2\repository\org\jetbrains\annotations\13.0\annotations-13.0.jar;C:\Users\BaskaranVivek\.m2\repository\com\typesafe\netty\netty-reactive-streams\2.0.4\netty-reactive-streams-2.0.4.jar;C:\Users\BaskaranVivek\.m2\repository\io\netty\netty-handler\4.1.43.Final\netty-handler-4.1.43.Final.jar;C:\Users\BaskaranVivek\.m2\repository\io\netty\netty-common\4.1.43.Final\netty-common-4.1.43.Final.jar;C:\Users\BaskaranVivek\.m2\repository\io\netty\netty-buffer\4.1.43.Final\netty-buffer-4.1.43.Final.jar;C:\Users\BaskaranVivek\.m2\repository\io\netty\netty-transport\4.1.43.Final\netty-transport-4.1.43.Final.jar;C:\Users\BaskaranVivek\.m2\repository\io\netty\netty-codec\4.1.43.Final\netty-codec-4.1.43.Final.jar;C:\Users\BaskaranVivek\.m2\repository\org\reactivestreams\reactive-streams\1.0.3\reactive-streams-1.0.3.jar;C:\Users\BaskaranVivek\.m2\repository\io\opentracing\opentracing-api\0.33.0\opentracing-api-0.33.0.jar;C:\Users\BaskaranVivek\.m2\repository\net\bytebuddy\byte-buddy\1.10.6\byte-buddy-1.10.6.jar;C:\Users\BaskaranVivek\.m2\repository\org\apache\commons\commons-exec\1.3\commons-exec-1.3.jar;C:\Users\BaskaranVivek\.m2\repository\org\asynchttpclient\async-http-client\2.10.4\async-http-client-2.10.4.jar;C:\Users\BaskaranVivek\.m2\repository\org\asynchttpclient\async-http-client-netty-utils\2.10.4\async-http-client-netty-utils-2.10.4.jar;C:\Users\BaskaranVivek\.m2\repository\io\netty\netty-codec-http\4.1.42.Final\netty-codec-http-4.1.42.Final.jar;C:\Users\BaskaranVivek\.m2\repository\io\netty\netty-codec-socks\4.1.42.Final\netty-codec-socks-4.1.42.Final.jar;C:\Users\BaskaranVivek\.m2\repository\io\netty\netty-handler-proxy\4.1.42.Final\netty-handler-proxy-4.1.42.Final.jar;C:\Users\BaskaranVivek\.m2\repository\io\netty\netty-transport-native-epoll\4.1.42.Final\netty-transport-native-epoll-4.1.42.Final-linux-x86_64.jar;C:\Users\BaskaranVivek\.m2\repository\io\netty\netty-transport-native-unix-common\4.1.42.Final\netty-transport-native-unix-common-4.1.42.Final.jar;C:\Users\BaskaranVivek\.m2\repository\io\netty\netty-transport-native-kqueue\4.1.42.Final\netty-transport-native-kqueue-4.1.42.Final-osx-x86_64.jar;C:\Users\BaskaranVivek\.m2\repository\io\netty\netty-resolver-dns\4.1.42.Final\netty-resolver-dns-4.1.42.Final.jar;C:\Users\BaskaranVivek\.m2\repository\io\netty\netty-resolver\4.1.42.Final\netty-resolver-4.1.42.Final.jar;C:\Users\BaskaranVivek\.m2\repository\io\netty\netty-codec-dns\4.1.42.Final\netty-codec-dns-4.1.42.Final.jar;C:\Users\BaskaranVivek\.m2\repository\org\slf4j\slf4j-api\1.7.26\slf4j-api-1.7.26.jar;C:\Users\BaskaranVivek\.m2\repository\com\sun\activation\javax.activation\1.2.0\javax.activation-1.2.0.jar;C:\Users\BaskaranVivek\.m2\repository\org\seleniumhq\selenium\selenium-safari-driver\4.0.0-alpha-4\selenium-safari-driver-4.0.0-alpha-4.jar;C:\Users\BaskaranVivek\.m2\repository\org\seleniumhq\selenium\selenium-support\4.0.0-alpha-4\selenium-support-4.0.0-alpha-4.jar;C:\Users\BaskaranVivek\.m2\repository\io\rest-assured\rest-assured\4.3.0\rest-assured-4.3.0.jar;C:\Users\BaskaranVivek\.m2\repository\org\codehaus\groovy\groovy\3.0.2\groovy-3.0.2.jar;C:\Users\BaskaranVivek\.m2\repository\org\codehaus\groovy\groovy-xml\3.0.2\groovy-xml-3.0.2.jar;C:\Users\BaskaranVivek\.m2\repository\org\apache\httpcomponents\httpclient\4.5.3\httpclient-4.5.3.jar;C:\Users\BaskaranVivek\.m2\repository\org\apache\httpcomponents\httpcore\4.4.6\httpcore-4.4.6.jar;C:\Users\BaskaranVivek\.m2\repository\commons-logging\commons-logging\1.2\commons-logging-1.2.jar;C:\Users\BaskaranVivek\.m2\repository\org\apache\httpcomponents\httpmime\4.5.3\httpmime-4.5.3.jar;C:\Users\BaskaranVivek\.m2\repository\org\hamcrest\hamcrest\2.1\hamcrest-2.1.jar;C:\Users\BaskaranVivek\.m2\repository\org\ccil\cowan\tagsoup\tagsoup\1.2.1\tagsoup-1.2.1.jar;C:\Users\BaskaranVivek\.m2\repository\io\rest-assured\json-path\4.3.0\json-path-4.3.0.jar;C:\Users\BaskaranVivek\.m2\repository\org\codehaus\groovy\groovy-json\3.0.2\groovy-json-3.0.2.jar;C:\Users\BaskaranVivek\.m2\repository\io\rest-assured\rest-assured-common\4.3.0\rest-assured-common-4.3.0.jar;C:\Users\BaskaranVivek\.m2\repository\io\rest-assured\xml-path\4.3.0\xml-path-4.3.0.jar;C:\Users\BaskaranVivek\.m2\repository\org\apache\commons\commons-lang3\3.4\commons-lang3-3.4.jar;C:\Users\BaskaranVivek\.m2\repository\jakarta\xml\bind\jakarta.xml.bind-api\2.3.2\jakarta.xml.bind-api-2.3.2.jar;C:\Users\BaskaranVivek\.m2\repository\jakarta\activation\jakarta.activation-api\1.2.1\jakarta.activation-api-1.2.1.jar;C:\Users\BaskaranVivek\.m2\repository\com\sun\xml\bind\jaxb-osgi\2.3.0.1\jaxb-osgi-2.3.0.1.jar;C:\Users\BaskaranVivek\.m2\repository\org\apache\sling\org.apache.sling.javax.activation\0.1.0\org.apache.sling.javax.activation-0.1.0.jar;C:\Users\BaskaranVivek\.m2\repository\javax\activation\activation\1.1.1\activation-1.1.1.jar;C:\Users\BaskaranVivek\.m2\repository\org\testng\testng\7.1.0\testng-7.1.0.jar;C:\Users\BaskaranVivek\.m2\repository\com\beust\jcommander\1.72\jcommander-1.72.jar;C:\Users\BaskaranVivek\.m2\repository\com\google\inject\guice\4.1.0\guice-4.1.0-no_aop.jar;C:\Users\BaskaranVivek\.m2\repository\javax\inject\javax.inject\1\javax.inject-1.jar;C:\Users\BaskaranVivek\.m2\repository\aopalliance\aopalliance\1.0\aopalliance-1.0.jar;C:\Users\BaskaranVivek\.m2\repository\org\yaml\snakeyaml\1.21\snakeyaml-1.21.jar;C:\Users\BaskaranVivek\.m2\repository\io\cucumber\cucumber-java\5.5.0\cucumber-java-5.5.0.jar;C:\Users\BaskaranVivek\.m2\repository\io\cucumber\cucumber-core\5.5.0\cucumber-core-5.5.0.jar;C:\Users\BaskaranVivek\.m2\repository\io\cucumber\cucumber-gherkin\5.5.0\cucumber-gherkin-5.5.0.jar;C:\Users\BaskaranVivek\.m2\repository\io\cucumber\cucumber-gherkin-vintage\5.5.0\cucumber-gherkin-vintage-5.5.0.jar;C:\Users\BaskaranVivek\.m2\repository\io\cucumber\tag-expressions\2.0.4\tag-expressions-2.0.4.jar;C:\Users\BaskaranVivek\.m2\repository\io\cucumber\cucumber-expressions\8.3.1\cucumber-expressions-8.3.1.jar;C:\Users\BaskaranVivek\.m2\repository\io\cucumber\datatable\3.3.0\datatable-3.3.0.jar;C:\Users\BaskaranVivek\.m2\repository\io\cucumber\cucumber-plugin\5.5.0\cucumber-plugin-5.5.0.jar;C:\Users\BaskaranVivek\.m2\repository\io\cucumber\docstring\5.5.0\docstring-5.5.0.jar;C:\Users\BaskaranVivek\.m2\repository\org\apiguardian\apiguardian-api\1.1.0\apiguardian-api-1.1.0.jar;C:\Users\BaskaranVivek\.m2\repository\io\cucumber\cucumber-testng\5.5.0\cucumber-testng-5.5.0.jar;C:\Users\BaskaranVivek\.m2\repository\net\minidev\json-smart\1.0.9\json-smart-1.0.9.jar;C:\Users\BaskaranVivek\.m2\repository\org\apache\poi\poi\3.17\poi-3.17.jar;C:\Users\BaskaranVivek\.m2\repository\commons-codec\commons-codec\1.10\commons-codec-1.10.jar;C:\Users\BaskaranVivek\.m2\repository\org\apache\commons\commons-collections4\4.1\commons-collections4-4.1.jar;C:\Users\BaskaranVivek\.m2\repository\org\apache\poi\poi-ooxml\3.17\poi-ooxml-3.17.jar;C:\Users\BaskaranVivek\.m2\repository\org\apache\poi\poi-ooxml-schemas\3.17\poi-ooxml-schemas-3.17.jar;C:\Users\BaskaranVivek\.m2\repository\org\apache\xmlbeans\xmlbeans\2.6.0\xmlbeans-2.6.0.jar;C:\Users\BaskaranVivek\.m2\repository\stax\stax-api\1.0.1\stax-api-1.0.1.jar;C:\Users\BaskaranVivek\.m2\repository\com\github\virtuald\curvesapi\1.04\curvesapi-1.04.jar;C:\Users\BaskaranVivek\.m2\repository\com\aventstack\extentreports\3.1.3\extentreports-3.1.3.jar;C:\Users\BaskaranVivek\.m2\repository\org\freemarker\freemarker\2.3.23\freemarker-2.3.23.jar;C:\Users\BaskaranVivek\.m2\repository\org\mongodb\mongodb-driver\3.3.0\mongodb-driver-3.3.0.jar;C:\Users\BaskaranVivek\.m2\repository\org\mongodb\bson\3.3.0\bson-3.3.0.jar;C:\Users\BaskaranVivek\.m2\repository\org\mongodb\mongodb-driver-core\3.3.0\mongodb-driver-core-3.3.0.jar;C:\Users\BaskaranVivek\.m2\repository\org\jsoup\jsoup\1.9.2\jsoup-1.9.2.jar;C:\Users\BaskaranVivek\.m2\repository\com\google\code\gson\gson\2.8.0\gson-2.8.0.jar;C:\Users\BaskaranVivek\.m2\repository\commons-io\commons-io\1.3.2\commons-io-1.3.2.jar;C:\Users\BaskaranVivek\.m2\repository\org\apache\maven\surefire\surefire-testng-utils\2.22.0\surefire-testng-utils-2.22.0.jar;C:\Users\BaskaranVivek\.m2\repository\org\apache\maven\surefire\surefire-grouper\2.22.0\surefire-grouper-2.22.0.jar;"/>
    <property name="java.vm.vendor" value="Oracle Corporation"/>
    <property name="sun.arch.data.model" value="64"/>
    <property name="user.variant" value=""/>
    <property name="java.vendor.url" value="http://java.oracle.com/"/>
    <property name="user.timezone" value="Asia/Calcutta"/>
    <property name="java.vm.specification.version" value="1.8"/>
    <property name="os.name" value="Windows 10"/>
    <property name="user.country" value="IN"/>
    <property name="sun.java.launcher" value="SUN_STANDARD"/>
    <property name="sun.boot.library.path" value="C:\Program Files\Java\jdk1.8.0_251\jre\bin"/>
    <property name="sun.java.command" value="C:\Users\BASKAR~1\AppData\Local\Temp\surefire1038336291120341966\surefirebooter3099423655294620153.jar C:\Users\BaskaranVivek\AppData\Local\Temp\surefire1038336291120341966 2020-11-07T10-13-02_038-jvmRun1 surefire7324254462283682196tmp surefire_01529993162391506061tmp"/>
    <property name="surefire.test.class.path" value="C:\Users\BaskaranVivek\Documents\Rest API and GRaph QL\codes\Makaia-master\Makaia-master\target\test-classes;C:\Users\BaskaranVivek\Documents\Rest API and GRaph QL\codes\Makaia-master\Makaia-master\target\classes;C:\Users\BaskaranVivek\.m2\repository\org\seleniumhq\selenium\selenium-java\4.0.0-alpha-4\selenium-java-4.0.0-alpha-4.jar;C:\Users\BaskaranVivek\.m2\repository\org\seleniumhq\selenium\selenium-api\4.0.0-alpha-4\selenium-api-4.0.0-alpha-4.jar;C:\Users\BaskaranVivek\.m2\repository\org\seleniumhq\selenium\selenium-chrome-driver\4.0.0-alpha-4\selenium-chrome-driver-4.0.0-alpha-4.jar;C:\Users\BaskaranVivek\.m2\repository\com\google\auto\service\auto-service-annotations\1.0-rc6\auto-service-annotations-1.0-rc6.jar;C:\Users\BaskaranVivek\.m2\repository\com\google\auto\service\auto-service\1.0-rc6\auto-service-1.0-rc6.jar;C:\Users\BaskaranVivek\.m2\repository\com\google\auto\auto-common\0.10\auto-common-0.10.jar;C:\Users\BaskaranVivek\.m2\repository\com\google\guava\guava\28.2-jre\guava-28.2-jre.jar;C:\Users\BaskaranVivek\.m2\repository\com\google\guava\failureaccess\1.0.1\failureaccess-1.0.1.jar;C:\Users\BaskaranVivek\.m2\repository\com\google\guava\listenablefuture\9999.0-empty-to-avoid-conflict-with-guava\listenablefuture-9999.0-empty-to-avoid-conflict-with-guava.jar;C:\Users\BaskaranVivek\.m2\repository\com\google\code\findbugs\jsr305\3.0.2\jsr305-3.0.2.jar;C:\Users\BaskaranVivek\.m2\repository\org\checkerframework\checker-qual\2.10.0\checker-qual-2.10.0.jar;C:\Users\BaskaranVivek\.m2\repository\com\google\errorprone\error_prone_annotations\2.3.4\error_prone_annotations-2.3.4.jar;C:\Users\BaskaranVivek\.m2\repository\com\google\j2objc\j2objc-annotations\1.3\j2objc-annotations-1.3.jar;C:\Users\BaskaranVivek\.m2\repository\org\seleniumhq\selenium\selenium-chromium-driver\4.0.0-alpha-4\selenium-chromium-driver-4.0.0-alpha-4.jar;C:\Users\BaskaranVivek\.m2\repository\org\seleniumhq\selenium\selenium-devtools\4.0.0-alpha-4\selenium-devtools-4.0.0-alpha-4.jar;C:\Users\BaskaranVivek\.m2\repository\org\seleniumhq\selenium\selenium-http\4.0.0-alpha-4\selenium-http-4.0.0-alpha-4.jar;C:\Users\BaskaranVivek\.m2\repository\org\seleniumhq\selenium\selenium-json\4.0.0-alpha-4\selenium-json-4.0.0-alpha-4.jar;C:\Users\BaskaranVivek\.m2\repository\org\seleniumhq\selenium\selenium-edge-driver\4.0.0-alpha-4\selenium-edge-driver-4.0.0-alpha-4.jar;C:\Users\BaskaranVivek\.m2\repository\org\seleniumhq\selenium\selenium-edgehtml-driver\4.0.0-alpha-4\selenium-edgehtml-driver-4.0.0-alpha-4.jar;C:\Users\BaskaranVivek\.m2\repository\org\seleniumhq\selenium\selenium-firefox-driver\4.0.0-alpha-4\selenium-firefox-driver-4.0.0-alpha-4.jar;C:\Users\BaskaranVivek\.m2\repository\org\seleniumhq\selenium\selenium-firefox-xpi-driver\4.0.0-alpha-4\selenium-firefox-xpi-driver-4.0.0-alpha-4.jar;C:\Users\BaskaranVivek\.m2\repository\org\seleniumhq\selenium\selenium-ie-driver\4.0.0-alpha-4\selenium-ie-driver-4.0.0-alpha-4.jar;C:\Users\BaskaranVivek\.m2\repository\org\seleniumhq\selenium\selenium-opera-driver\4.0.0-alpha-4\selenium-opera-driver-4.0.0-alpha-4.jar;C:\Users\BaskaranVivek\.m2\repository\org\seleniumhq\selenium\selenium-remote-driver\4.0.0-alpha-4\selenium-remote-driver-4.0.0-alpha-4.jar;C:\Users\BaskaranVivek\.m2\repository\com\squareup\okhttp3\okhttp\4.3.0\okhttp-4.3.0.jar;C:\Users\BaskaranVivek\.m2\repository\com\squareup\okio\okio\2.4.1\okio-2.4.1.jar;C:\Users\BaskaranVivek\.m2\repository\org\jetbrains\kotlin\kotlin-stdlib-common\1.3.50\kotlin-stdlib-common-1.3.50.jar;C:\Users\BaskaranVivek\.m2\repository\org\jetbrains\kotlin\kotlin-stdlib\1.3.61\kotlin-stdlib-1.3.61.jar;C:\Users\BaskaranVivek\.m2\repository\org\jetbrains\annotations\13.0\annotations-13.0.jar;C:\Users\BaskaranVivek\.m2\repository\com\typesafe\netty\netty-reactive-streams\2.0.4\netty-reactive-streams-2.0.4.jar;C:\Users\BaskaranVivek\.m2\repository\io\netty\netty-handler\4.1.43.Final\netty-handler-4.1.43.Final.jar;C:\Users\BaskaranVivek\.m2\repository\io\netty\netty-common\4.1.43.Final\netty-common-4.1.43.Final.jar;C:\Users\BaskaranVivek\.m2\repository\io\netty\netty-buffer\4.1.43.Final\netty-buffer-4.1.43.Final.jar;C:\Users\BaskaranVivek\.m2\repository\io\netty\netty-transport\4.1.43.Final\netty-transport-4.1.43.Final.jar;C:\Users\BaskaranVivek\.m2\repository\io\netty\netty-codec\4.1.43.Final\netty-codec-4.1.43.Final.jar;C:\Users\BaskaranVivek\.m2\repository\org\reactivestreams\reactive-streams\1.0.3\reactive-streams-1.0.3.jar;C:\Users\BaskaranVivek\.m2\repository\io\opentracing\opentracing-api\0.33.0\opentracing-api-0.33.0.jar;C:\Users\BaskaranVivek\.m2\repository\net\bytebuddy\byte-buddy\1.10.6\byte-buddy-1.10.6.jar;C:\Users\BaskaranVivek\.m2\repository\org\apache\commons\commons-exec\1.3\commons-exec-1.3.jar;C:\Users\BaskaranVivek\.m2\repository\org\asynchttpclient\async-http-client\2.10.4\async-http-client-2.10.4.jar;C:\Users\BaskaranVivek\.m2\repository\org\asynchttpclient\async-http-client-netty-utils\2.10.4\async-http-client-netty-utils-2.10.4.jar;C:\Users\BaskaranVivek\.m2\repository\io\netty\netty-codec-http\4.1.42.Final\netty-codec-http-4.1.42.Final.jar;C:\Users\BaskaranVivek\.m2\repository\io\netty\netty-codec-socks\4.1.42.Final\netty-codec-socks-4.1.42.Final.jar;C:\Users\BaskaranVivek\.m2\repository\io\netty\netty-handler-proxy\4.1.42.Final\netty-handler-proxy-4.1.42.Final.jar;C:\Users\BaskaranVivek\.m2\repository\io\netty\netty-transport-native-epoll\4.1.42.Final\netty-transport-native-epoll-4.1.42.Final-linux-x86_64.jar;C:\Users\BaskaranVivek\.m2\repository\io\netty\netty-transport-native-unix-common\4.1.42.Final\netty-transport-native-unix-common-4.1.42.Final.jar;C:\Users\BaskaranVivek\.m2\repository\io\netty\netty-transport-native-kqueue\4.1.42.Final\netty-transport-native-kqueue-4.1.42.Final-osx-x86_64.jar;C:\Users\BaskaranVivek\.m2\repository\io\netty\netty-resolver-dns\4.1.42.Final\netty-resolver-dns-4.1.42.Final.jar;C:\Users\BaskaranVivek\.m2\repository\io\netty\netty-resolver\4.1.42.Final\netty-resolver-4.1.42.Final.jar;C:\Users\BaskaranVivek\.m2\repository\io\netty\netty-codec-dns\4.1.42.Final\netty-codec-dns-4.1.42.Final.jar;C:\Users\BaskaranVivek\.m2\repository\org\slf4j\slf4j-api\1.7.26\slf4j-api-1.7.26.jar;C:\Users\BaskaranVivek\.m2\repository\com\sun\activation\javax.activation\1.2.0\javax.activation-1.2.0.jar;C:\Users\BaskaranVivek\.m2\repository\org\seleniumhq\selenium\selenium-safari-driver\4.0.0-alpha-4\selenium-safari-driver-4.0.0-alpha-4.jar;C:\Users\BaskaranVivek\.m2\repository\org\seleniumhq\selenium\selenium-support\4.0.0-alpha-4\selenium-support-4.0.0-alpha-4.jar;C:\Users\BaskaranVivek\.m2\repository\io\rest-assured\rest-assured\4.3.0\rest-assured-4.3.0.jar;C:\Users\BaskaranVivek\.m2\repository\org\codehaus\groovy\groovy\3.0.2\groovy-3.0.2.jar;C:\Users\BaskaranVivek\.m2\repository\org\codehaus\groovy\groovy-xml\3.0.2\groovy-xml-3.0.2.jar;C:\Users\BaskaranVivek\.m2\repository\org\apache\httpcomponents\httpclient\4.5.3\httpclient-4.5.3.jar;C:\Users\BaskaranVivek\.m2\repository\org\apache\httpcomponents\httpcore\4.4.6\httpcore-4.4.6.jar;C:\Users\BaskaranVivek\.m2\repository\commons-logging\commons-logging\1.2\commons-logging-1.2.jar;C:\Users\BaskaranVivek\.m2\repository\org\apache\httpcomponents\httpmime\4.5.3\httpmime-4.5.3.jar;C:\Users\BaskaranVivek\.m2\repository\org\hamcrest\hamcrest\2.1\hamcrest-2.1.jar;C:\Users\BaskaranVivek\.m2\repository\org\ccil\cowan\tagsoup\tagsoup\1.2.1\tagsoup-1.2.1.jar;C:\Users\BaskaranVivek\.m2\repository\io\rest-assured\json-path\4.3.0\json-path-4.3.0.jar;C:\Users\BaskaranVivek\.m2\repository\org\codehaus\groovy\groovy-json\3.0.2\groovy-json-3.0.2.jar;C:\Users\BaskaranVivek\.m2\repository\io\rest-assured\rest-assured-common\4.3.0\rest-assured-common-4.3.0.jar;C:\Users\BaskaranVivek\.m2\repository\io\rest-assured\xml-path\4.3.0\xml-path-4.3.0.jar;C:\Users\BaskaranVivek\.m2\repository\org\apache\commons\commons-lang3\3.4\commons-lang3-3.4.jar;C:\Users\BaskaranVivek\.m2\repository\jakarta\xml\bind\jakarta.xml.bind-api\2.3.2\jakarta.xml.bind-api-2.3.2.jar;C:\Users\BaskaranVivek\.m2\repository\jakarta\activation\jakarta.activation-api\1.2.1\jakarta.activation-api-1.2.1.jar;C:\Users\BaskaranVivek\.m2\repository\com\sun\xml\bind\jaxb-osgi\2.3.0.1\jaxb-osgi-2.3.0.1.jar;C:\Users\BaskaranVivek\.m2\repository\org\apache\sling\org.apache.sling.javax.activation\0.1.0\org.apache.sling.javax.activation-0.1.0.jar;C:\Users\BaskaranVivek\.m2\repository\javax\activation\activation\1.1.1\activation-1.1.1.jar;C:\Users\BaskaranVivek\.m2\repository\org\testng\testng\7.1.0\testng-7.1.0.jar;C:\Users\BaskaranVivek\.m2\repository\com\beust\jcommander\1.72\jcommander-1.72.jar;C:\Users\BaskaranVivek\.m2\repository\com\google\inject\guice\4.1.0\guice-4.1.0-no_aop.jar;C:\Users\BaskaranVivek\.m2\repository\javax\inject\javax.inject\1\javax.inject-1.jar;C:\Users\BaskaranVivek\.m2\repository\aopalliance\aopalliance\1.0\aopalliance-1.0.jar;C:\Users\BaskaranVivek\.m2\repository\org\yaml\snakeyaml\1.21\snakeyaml-1.21.jar;C:\Users\BaskaranVivek\.m2\repository\io\cucumber\cucumber-java\5.5.0\cucumber-java-5.5.0.jar;C:\Users\BaskaranVivek\.m2\repository\io\cucumber\cucumber-core\5.5.0\cucumber-core-5.5.0.jar;C:\Users\BaskaranVivek\.m2\repository\io\cucumber\cucumber-gherkin\5.5.0\cucumber-gherkin-5.5.0.jar;C:\Users\BaskaranVivek\.m2\repository\io\cucumber\cucumber-gherkin-vintage\5.5.0\cucumber-gherkin-vintage-5.5.0.jar;C:\Users\BaskaranVivek\.m2\repository\io\cucumber\tag-expressions\2.0.4\tag-expressions-2.0.4.jar;C:\Users\BaskaranVivek\.m2\repository\io\cucumber\cucumber-expressions\8.3.1\cucumber-expressions-8.3.1.jar;C:\Users\BaskaranVivek\.m2\repository\io\cucumber\datatable\3.3.0\datatable-3.3.0.jar;C:\Users\BaskaranVivek\.m2\repository\io\cucumber\cucumber-plugin\5.5.0\cucumber-plugin-5.5.0.jar;C:\Users\BaskaranVivek\.m2\repository\io\cucumber\docstring\5.5.0\docstring-5.5.0.jar;C:\Users\BaskaranVivek\.m2\repository\org\apiguardian\apiguardian-api\1.1.0\apiguardian-api-1.1.0.jar;C:\Users\BaskaranVivek\.m2\repository\io\cucumber\cucumber-testng\5.5.0\cucumber-testng-5.5.0.jar;C:\Users\BaskaranVivek\.m2\repository\net\minidev\json-smart\1.0.9\json-smart-1.0.9.jar;C:\Users\BaskaranVivek\.m2\repository\org\apache\poi\poi\3.17\poi-3.17.jar;C:\Users\BaskaranVivek\.m2\repository\commons-codec\commons-codec\1.10\commons-codec-1.10.jar;C:\Users\BaskaranVivek\.m2\repository\org\apache\commons\commons-collections4\4.1\commons-collections4-4.1.jar;C:\Users\BaskaranVivek\.m2\repository\org\apache\poi\poi-ooxml\3.17\poi-ooxml-3.17.jar;C:\Users\BaskaranVivek\.m2\repository\org\apache\poi\poi-ooxml-schemas\3.17\poi-ooxml-schemas-3.17.jar;C:\Users\BaskaranVivek\.m2\repository\org\apache\xmlbeans\xmlbeans\2.6.0\xmlbeans-2.6.0.jar;C:\Users\BaskaranVivek\.m2\repository\stax\stax-api\1.0.1\stax-api-1.0.1.jar;C:\Users\BaskaranVivek\.m2\repository\com\github\virtuald\curvesapi\1.04\curvesapi-1.04.jar;C:\Users\BaskaranVivek\.m2\repository\com\aventstack\extentreports\3.1.3\extentreports-3.1.3.jar;C:\Users\BaskaranVivek\.m2\repository\org\freemarker\freemarker\2.3.23\freemarker-2.3.23.jar;C:\Users\BaskaranVivek\.m2\repository\org\mongodb\mongodb-driver\3.3.0\mongodb-driver-3.3.0.jar;C:\Users\BaskaranVivek\.m2\repository\org\mongodb\bson\3.3.0\bson-3.3.0.jar;C:\Users\BaskaranVivek\.m2\repository\org\mongodb\mongodb-driver-core\3.3.0\mongodb-driver-core-3.3.0.jar;C:\Users\BaskaranVivek\.m2\repository\org\jsoup\jsoup\1.9.2\jsoup-1.9.2.jar;C:\Users\BaskaranVivek\.m2\repository\com\google\code\gson\gson\2.8.0\gson-2.8.0.jar;C:\Users\BaskaranVivek\.m2\repository\commons-io\commons-io\1.3.2\commons-io-1.3.2.jar;C:\Users\BaskaranVivek\.m2\repository\org\apache\maven\surefire\surefire-testng-utils\2.22.0\surefire-testng-utils-2.22.0.jar;C:\Users\BaskaranVivek\.m2\repository\org\apache\maven\surefire\surefire-grouper\2.22.0\surefire-grouper-2.22.0.jar;"/>
    <property name="sun.cpu.endian" value="little"/>
    <property name="user.home" value="C:\Users\BaskaranVivek"/>
    <property name="user.language" value="en"/>
    <property name="java.specification.vendor" value="Oracle Corporation"/>
    <property name="java.home" value="C:\Program Files\Java\jdk1.8.0_251\jre"/>
    <property name="basedir" value="C:\Users\BaskaranVivek\Documents\Rest API and GRaph QL\codes\Makaia-master\Makaia-master"/>
    <property name="file.separator" value="\"/>
    <property name="line.separator" value="&#10;"/>
    <property name="java.vm.specification.vendor" value="Oracle Corporation"/>
    <property name="java.specification.name" value="Java Platform API Specification"/>
    <property name="java.awt.graphicsenv" value="sun.awt.Win32GraphicsEnvironment"/>
    <property name="surefire.real.class.path" value="C:\Users\BASKAR~1\AppData\Local\Temp\surefire1038336291120341966\surefirebooter3099423655294620153.jar"/>
    <property name="sun.boot.class.path" value="C:\Program Files\Java\jdk1.8.0_251\jre\lib\resources.jar;C:\Program Files\Java\jdk1.8.0_251\jre\lib\rt.jar;C:\Program Files\Java\jdk1.8.0_251\jre\lib\sunrsasign.jar;C:\Program Files\Java\jdk1.8.0_251\jre\lib\jsse.jar;C:\Program Files\Java\jdk1.8.0_251\jre\lib\jce.jar;C:\Program Files\Java\jdk1.8.0_251\jre\lib\charsets.jar;C:\Program Files\Java\jdk1.8.0_251\jre\lib\jfr.jar;C:\Program Files\Java\jdk1.8.0_251\jre\classes"/>
    <property name="user.script" value=""/>
    <property name="sun.management.compiler" value="HotSpot 64-Bit Tiered Compilers"/>
    <property name="java.runtime.version" value="1.8.0_251-b08"/>
    <property name="user.name" value="BaskaranVivek"/>
    <property name="path.separator" value=";"/>
    <property name="os.version" value="10.0"/>
    <property name="java.endorsed.dirs" value="C:\Program Files\Java\jdk1.8.0_251\jre\lib\endorsed"/>
    <property name="java.runtime.name" value="Java(TM) SE Runtime Environment"/>
    <property name="file.encoding" value="Cp1252"/>
    <property name="java.vm.name" value="Java HotSpot(TM) 64-Bit Server VM"/>
    <property name="localRepository" value="C:\Users\BaskaranVivek\.m2\repository"/>
    <property name="java.vendor.url.bug" value="http://bugreport.sun.com/bugreport/"/>
    <property name="java.io.tmpdir" value="C:\Users\BASKAR~1\AppData\Local\Temp\"/>
    <property name="java.version" value="1.8.0_251"/>
    <property name="user.dir" value="C:\Users\BaskaranVivek\Documents\Rest API and GRaph QL\codes\Makaia-master\Makaia-master"/>
    <property name="os.arch" value="amd64"/>
    <property name="java.vm.specification.name" value="Java Virtual Machine Specification"/>
    <property name="java.awt.printerjob" value="sun.awt.windows.WPrinterJob"/>
    <property name="sun.os.patch.level" value=""/>
    <property name="java.library.path" value="C:\Program Files\Java\jdk1.8.0_251\jre\bin;C:\WINDOWS\Sun\Java\bin;C:\WINDOWS\system32;C:\WINDOWS;C:\Program Files (x86)\Common Files\Oracle\Java\javapath;C:\WINDOWS\system32;C:\WINDOWS;C:\WINDOWS\System32\Wbem;C:\WINDOWS\System32\WindowsPowerShell\v1.0\;C:\WINDOWS\System32\OpenSSH\;C:\Program Files\Java\jdk1.8.0_251\bin;C:\Program Files\nodejs\;C:\Users\BaskaranVivek\Documents\Rest API and GRaph QL\software\apache-maven-3.6.3\bin;C:\Users\BaskaranVivek\AppData\Local\Microsoft\WindowsApps;C:\Users\BaskaranVivek\AppData\Roaming\npm;."/>
    <property name="java.vm.info" value="mixed mode"/>
    <property name="java.vendor" value="Oracle Corporation"/>
    <property name="java.vm.version" value="25.251-b08"/>
    <property name="java.ext.dirs" value="C:\Program Files\Java\jdk1.8.0_251\jre\lib\ext;C:\WINDOWS\Sun\Java\lib\ext"/>
    <property name="sun.io.unicode.encoding" value="UnicodeLittle"/>
    <property name="java.class.version" value="52.0"/>
  </properties>
  <testcase name="beforeMethod" classname="tests.selenium.TC003_CreateIncidentUsingRestAndVerifyUsingSelenium" time="3.158">
    <failure message="The driver executable does not exist: C:\Users\BaskaranVivek\Documents\Rest API and GRaph QL\codes\Makaia-master\Makaia-master\.\drivers\chromedriver.exe" type="java.lang.IllegalStateException">java.lang.IllegalStateException: The driver executable does not exist: C:\Users\BaskaranVivek\Documents\Rest API and GRaph QL\codes\Makaia-master\Makaia-master\.\drivers\chromedriver.exe
</failure>
    <system-out><![CDATA[...
... TestNG 7.0.1 by CÃ©dric Beust (cedric@beust.com)
...

./data/TC003.xlsx
]]></system-out>
  </testcase>
  <testcase name="createIncident" classname="tests.selenium.TC003_CreateIncidentUsingRestAndVerifyUsingSelenium" time="0">
    <skipped message="The driver executable does not exist: C:\Users\BaskaranVivek\Documents\Rest API and GRaph QL\codes\Makaia-master\Makaia-master\.\drivers\chromedriver.exe"/>
  </testcase>
  <testcase name="afterMethod" classname="tests.selenium.TC003_CreateIncidentUsingRestAndVerifyUsingSelenium" time="0">
    <skipped/>
  </testcase>
</testsuite>