<?xml version="1.0" encoding="UTF-8"?>
<!-- Generated by org.testng.reporters.JUnitReportReporter -->
<testsuite skipped="0" hostname="551SN13" name="tests.rest.TC004_GetIncidents" tests="1" failures="0" timestamp="2020-10-16T15:15:19 IST" time="16.502" errors="0">
  <testcase name="getIncidents" time="16.502" classname="tests.rest.TC004_GetIncidents"/>
  <system-out/>
</testsuite> <!-- tests.rest.TC004_GetIncidents -->
